[2025-06-01T08:54:43.713787+02:00] sentiment_analysis.ERROR: API Error: Server error: `GET https://newstimes.share.zrok.io/news` resulted in a `500 Internal Server Error` response: Internal Server Error  [] []
[2025-06-01T08:54:43.715844+02:00] sentiment_analysis.ERROR: Analysis failed: Failed to fetch news: Server error: `GET https://newstimes.share.zrok.io/news` resulted in a `500 Internal Server Error` response: Internal Server Error  [] []
[2025-06-01T08:56:51.866420+02:00] sentiment_analysis.ERROR: API Error: Server error: `GET https://newstimes.share.zrok.io/news` resulted in a `500 Internal Server Error` response: Internal Server Error  [] []
[2025-06-01T08:56:51.868771+02:00] sentiment_analysis.ERROR: Analysis failed: Failed to fetch news: Server error: `GET https://newstimes.share.zrok.io/news` resulted in a `500 Internal Server Error` response: Internal Server Error  [] []
[2025-06-01T08:56:56.900251+02:00] sentiment_analysis.ERROR: API Error: Server error: `GET https://newstimes.share.zrok.io/news` resulted in a `500 Internal Server Error` response: Internal Server Error  [] []
[2025-06-01T08:56:56.902222+02:00] sentiment_analysis.ERROR: Analysis failed: Failed to fetch news: Server error: `GET https://newstimes.share.zrok.io/news` resulted in a `500 Internal Server Error` response: Internal Server Error  [] []
[2025-06-01T08:57:01.249072+02:00] sentiment_analysis.ERROR: API Error: Server error: `GET https://newstimes.share.zrok.io/news` resulted in a `500 Internal Server Error` response: Internal Server Error  [] []
[2025-06-01T08:57:01.251361+02:00] sentiment_analysis.ERROR: Analysis failed: Failed to fetch news: Server error: `GET https://newstimes.share.zrok.io/news` resulted in a `500 Internal Server Error` response: Internal Server Error  [] []
[2025-06-01T08:58:10.182569+02:00] sentiment_analysis.ERROR: API Error: Server error: `GET https://newstimes.share.zrok.io/news` resulted in a `500 Internal Server Error` response: Internal Server Error  [] []
[2025-06-01T08:58:10.185949+02:00] sentiment_analysis.ERROR: Analysis failed: Failed to fetch news: Server error: `GET https://newstimes.share.zrok.io/news` resulted in a `500 Internal Server Error` response: Internal Server Error  [] []
[2025-06-01T09:01:06.442191+02:00] sentiment_analysis.ERROR: API Error (Attempt 1): Server error: `GET https://newstimes.share.zrok.io/news` resulted in a `500 Internal Server Error` response: Internal Server Error  [] []
[2025-06-01T09:01:06.445164+02:00] sentiment_analysis.ERROR: Retrying in 2 seconds... [] []
[2025-06-01T09:01:13.462860+02:00] sentiment_analysis.ERROR: API Error (Attempt 2): Server error: `GET https://newstimes.share.zrok.io/news` resulted in a `500 Internal Server Error` response: Internal Server Error  [] []
[2025-06-01T09:01:13.462989+02:00] sentiment_analysis.ERROR: Retrying in 4 seconds... [] []
[2025-06-01T09:01:21.948829+02:00] sentiment_analysis.ERROR: API Error (Attempt 3): Server error: `GET https://newstimes.share.zrok.io/news` resulted in a `500 Internal Server Error` response: Internal Server Error  [] []
[2025-06-01T09:01:21.948936+02:00] sentiment_analysis.ERROR: Analysis failed: Failed to fetch news after 3 attempts: Server error: `GET https://newstimes.share.zrok.io/news` resulted in a `500 Internal Server Error` response: Internal Server Error  [] []
[2025-06-01T09:13:31.092378+02:00] sentiment_analysis.ERROR: API Error: Server error: `GET https://newstimes.share.zrok.io/news` resulted in a `500 Internal Server Error` response: Internal Server Error  [] []
[2025-06-01T09:13:31.093949+02:00] sentiment_analysis.ERROR: Analysis failed: Failed to fetch news: Server error: `GET https://newstimes.share.zrok.io/news` resulted in a `500 Internal Server Error` response: Internal Server Error  [] []
[2025-06-01T09:13:36.116551+02:00] sentiment_analysis.ERROR: API Error: Server error: `GET https://newstimes.share.zrok.io/news` resulted in a `500 Internal Server Error` response: Internal Server Error  [] []
[2025-06-01T09:13:36.117673+02:00] sentiment_analysis.ERROR: Analysis failed: Failed to fetch news: Server error: `GET https://newstimes.share.zrok.io/news` resulted in a `500 Internal Server Error` response: Internal Server Error  [] []
[2025-06-01T09:13:40.174080+02:00] sentiment_analysis.ERROR: API Error: Server error: `GET https://newstimes.share.zrok.io/news` resulted in a `500 Internal Server Error` response: Internal Server Error  [] []
[2025-06-01T09:13:40.175451+02:00] sentiment_analysis.ERROR: Analysis failed: Failed to fetch news: Server error: `GET https://newstimes.share.zrok.io/news` resulted in a `500 Internal Server Error` response: Internal Server Error  [] []
